app/build/intermediates/manifest_merge_blame_file/debug/processDebugMainManifest/manifest-merger-blame-debug-report.txt
1<?xml version="1.0" encoding="utf-8"?>
2<manifest xmlns:android="http://schemas.android.com/apk/res/android"
3    package="com.johny.mediaverse"
4    android:versionCode="1"
5    android:versionName="1.0" >
6
7    <uses-sdk
8        android:minSdkVersion="24"
9        android:targetSdkVersion="36" />
10
11    <uses-permission android:name="android.permission.INTERNET" />
11-->src/main/AndroidManifest.xml:4:5-66
11-->src/main/AndroidManifest.xml:4:22-64
12    <uses-permission android:name="android.permission.FOREGROUND_SERVICE" />
12-->src/main/AndroidManifest.xml:5:5-77
12-->src/main/AndroidManifest.xml:5:22-74
13    <uses-permission android:name="android.permission.FOREGROUND_SERVICE_MEDIA_PLAYBACK" />
13-->src/main/AndroidManifest.xml:6:5-92
13-->src/main/AndroidManifest.xml:6:22-89
14    <uses-permission android:name="android.permission.POST_NOTIFICATIONS" />
14-->src/main/AndroidManifest.xml:7:5-77
14-->src/main/AndroidManifest.xml:7:22-74
15    <uses-permission android:name="android.permission.ACCESS_NETWORK_STATE" />
15-->[androidx.media3:media3-exoplayer:1.8.0] AndroidManifest.xml:22:5-79
15-->[androidx.media3:media3-exoplayer:1.8.0] AndroidManifest.xml:22:22-76
16
17    <permission
17-->[androidx.core:core:1.17.0] AndroidManifest.xml:22:5-24:47
18        android:name="com.johny.mediaverse.DYNAMIC_RECEIVER_NOT_EXPORTED_PERMISSION"
18-->[androidx.core:core:1.17.0] AndroidManifest.xml:23:9-81
19        android:protectionLevel="signature" />
19-->[androidx.core:core:1.17.0] AndroidManifest.xml:24:9-44
20
21    <uses-permission android:name="com.johny.mediaverse.DYNAMIC_RECEIVER_NOT_EXPORTED_PERMISSION" />
21-->[androidx.core:core:1.17.0] AndroidManifest.xml:26:5-97
21-->[androidx.core:core:1.17.0] AndroidManifest.xml:26:22-94
22
23    <application
23-->src/main/AndroidManifest.xml:8:5-36:19
24        android:name="com.johny.mediaverse.MediaVerseApp"
24-->src/main/AndroidManifest.xml:14:9-38
25        android:allowBackup="true"
25-->src/main/AndroidManifest.xml:9:9-35
26        android:appComponentFactory="androidx.core.app.CoreComponentFactory"
26-->[androidx.core:core:1.17.0] AndroidManifest.xml:28:18-86
27        android:dataExtractionRules="@xml/data_extraction_rules"
27-->src/main/AndroidManifest.xml:10:9-65
28        android:debuggable="true"
29        android:extractNativeLibs="false"
30        android:fullBackupContent="@xml/backup_rules"
30-->src/main/AndroidManifest.xml:11:9-54
31        android:icon="@mipmap/ic_launcher"
31-->src/main/AndroidManifest.xml:12:9-43
32        android:label="@string/app_name"
32-->src/main/AndroidManifest.xml:13:9-41
33        android:roundIcon="@mipmap/ic_launcher_round"
33-->src/main/AndroidManifest.xml:15:9-54
34        android:supportsRtl="true"
34-->src/main/AndroidManifest.xml:16:9-35
35        android:testOnly="true"
36        android:theme="@style/Theme.MediaVerse" >
36-->src/main/AndroidManifest.xml:17:9-48
37        <activity
37-->src/main/AndroidManifest.xml:18:9-27:20
38            android:name="com.johny.mediaverse.presentation.MainActivity"
38-->src/main/AndroidManifest.xml:19:13-54
39            android:exported="true"
39-->src/main/AndroidManifest.xml:20:13-36
40            android:theme="@style/Theme.SplashScreen.MediaVerse" >
40-->src/main/AndroidManifest.xml:21:13-65
41            <intent-filter>
41-->src/main/AndroidManifest.xml:22:13-26:29
42                <action android:name="android.intent.action.MAIN" />
42-->src/main/AndroidManifest.xml:23:17-69
42-->src/main/AndroidManifest.xml:23:25-66
43
44                <category android:name="android.intent.category.LAUNCHER" />
44-->src/main/AndroidManifest.xml:25:17-77
44-->src/main/AndroidManifest.xml:25:27-74
45            </intent-filter>
46        </activity>
47
48        <service
48-->src/main/AndroidManifest.xml:28:9-35:19
49            android:name="com.johny.mediaverse.core.service.MediaVerseService"
49-->src/main/AndroidManifest.xml:29:13-59
50            android:exported="true"
50-->src/main/AndroidManifest.xml:30:13-36
51            android:foregroundServiceType="mediaPlayback" >
51-->src/main/AndroidManifest.xml:31:13-58
52            <intent-filter>
52-->src/main/AndroidManifest.xml:32:13-34:29
53                <action android:name="androidx.media3.session.MediaSessionService" />
53-->src/main/AndroidManifest.xml:33:17-86
53-->src/main/AndroidManifest.xml:33:25-83
54            </intent-filter>
55        </service>
56
57        <provider
57-->[org.jetbrains.compose.components:components-resources-android:1.9.0] AndroidManifest.xml:8:9-13:20
58            android:name="org.jetbrains.compose.resources.AndroidContextProvider"
58-->[org.jetbrains.compose.components:components-resources-android:1.9.0] AndroidManifest.xml:9:13-82
59            android:authorities="com.johny.mediaverse.resources.AndroidContextProvider"
59-->[org.jetbrains.compose.components:components-resources-android:1.9.0] AndroidManifest.xml:10:13-84
60            android:enabled="true"
60-->[org.jetbrains.compose.components:components-resources-android:1.9.0] AndroidManifest.xml:11:13-35
61            android:exported="false" >
61-->[org.jetbrains.compose.components:components-resources-android:1.9.0] AndroidManifest.xml:12:13-37
62        </provider>
63
64        <activity
64-->[androidx.compose.ui:ui-tooling-android:1.9.5] AndroidManifest.xml:23:9-25:39
65            android:name="androidx.compose.ui.tooling.PreviewActivity"
65-->[androidx.compose.ui:ui-tooling-android:1.9.5] AndroidManifest.xml:24:13-71
66            android:exported="true" />
66-->[androidx.compose.ui:ui-tooling-android:1.9.5] AndroidManifest.xml:25:13-36
67
68        <provider
68-->[androidx.emoji2:emoji2:1.4.0] AndroidManifest.xml:24:9-32:20
69            android:name="androidx.startup.InitializationProvider"
69-->[androidx.emoji2:emoji2:1.4.0] AndroidManifest.xml:25:13-67
70            android:authorities="com.johny.mediaverse.androidx-startup"
70-->[androidx.emoji2:emoji2:1.4.0] AndroidManifest.xml:26:13-68
71            android:exported="false" >
71-->[androidx.emoji2:emoji2:1.4.0] AndroidManifest.xml:27:13-37
72            <meta-data
72-->[androidx.emoji2:emoji2:1.4.0] AndroidManifest.xml:29:13-31:52
73                android:name="androidx.emoji2.text.EmojiCompatInitializer"
73-->[androidx.emoji2:emoji2:1.4.0] AndroidManifest.xml:30:17-75
74                android:value="androidx.startup" />
74-->[androidx.emoji2:emoji2:1.4.0] AndroidManifest.xml:31:17-49
75            <meta-data
75-->[androidx.lifecycle:lifecycle-process:2.10.0] AndroidManifest.xml:29:13-31:52
76                android:name="androidx.lifecycle.ProcessLifecycleInitializer"
76-->[androidx.lifecycle:lifecycle-process:2.10.0] AndroidManifest.xml:30:17-78
77                android:value="androidx.startup" />
77-->[androidx.lifecycle:lifecycle-process:2.10.0] AndroidManifest.xml:31:17-49
78            <meta-data
78-->[androidx.profileinstaller:profileinstaller:1.4.1] AndroidManifest.xml:29:13-31:52
79                android:name="androidx.profileinstaller.ProfileInstallerInitializer"
79-->[androidx.profileinstaller:profileinstaller:1.4.1] AndroidManifest.xml:30:17-85
80                android:value="androidx.startup" />
80-->[androidx.profileinstaller:profileinstaller:1.4.1] AndroidManifest.xml:31:17-49
81            <meta-data
81-->[com.squareup.okhttp3:okhttp-android:5.1.0] AndroidManifest.xml:16:13-18:52
82                android:name="okhttp3.internal.platform.PlatformInitializer"
82-->[com.squareup.okhttp3:okhttp-android:5.1.0] AndroidManifest.xml:17:17-77
83                android:value="androidx.startup" />
83-->[com.squareup.okhttp3:okhttp-android:5.1.0] AndroidManifest.xml:18:17-49
84        </provider>
85
86        <activity
86-->[androidx.compose.ui:ui-test-manifest:1.9.5] AndroidManifest.xml:23:9-26:79
87            android:name="androidx.activity.ComponentActivity"
87-->[androidx.compose.ui:ui-test-manifest:1.9.5] AndroidManifest.xml:24:13-63
88            android:exported="true"
88-->[androidx.compose.ui:ui-test-manifest:1.9.5] AndroidManifest.xml:25:13-36
89            android:theme="@android:style/Theme.Material.Light.NoActionBar" />
89-->[androidx.compose.ui:ui-test-manifest:1.9.5] AndroidManifest.xml:26:13-76
90
91        <receiver
91-->[androidx.profileinstaller:profileinstaller:1.4.1] AndroidManifest.xml:34:9-52:20
92            android:name="androidx.profileinstaller.ProfileInstallReceiver"
92-->[androidx.profileinstaller:profileinstaller:1.4.1] AndroidManifest.xml:35:13-76
93            android:directBootAware="false"
93-->[androidx.profileinstaller:profileinstaller:1.4.1] AndroidManifest.xml:36:13-44
94            android:enabled="true"
94-->[androidx.profileinstaller:profileinstaller:1.4.1] AndroidManifest.xml:37:13-35
95            android:exported="true"
95-->[androidx.profileinstaller:profileinstaller:1.4.1] AndroidManifest.xml:38:13-36
96            android:permission="android.permission.DUMP" >
96-->[androidx.profileinstaller:profileinstaller:1.4.1] AndroidManifest.xml:39:13-57
97            <intent-filter>
97-->[androidx.profileinstaller:profileinstaller:1.4.1] AndroidManifest.xml:40:13-42:29
98                <action android:name="androidx.profileinstaller.action.INSTALL_PROFILE" />
98-->[androidx.profileinstaller:profileinstaller:1.4.1] AndroidManifest.xml:41:17-91
98-->[androidx.profileinstaller:profileinstaller:1.4.1] AndroidManifest.xml:41:25-88
99            </intent-filter>
100            <intent-filter>
100-->[androidx.profileinstaller:profileinstaller:1.4.1] AndroidManifest.xml:43:13-45:29
101                <action android:name="androidx.profileinstaller.action.SKIP_FILE" />
101-->[androidx.profileinstaller:profileinstaller:1.4.1] AndroidManifest.xml:44:17-85
101-->[androidx.profileinstaller:profileinstaller:1.4.1] AndroidManifest.xml:44:25-82
102            </intent-filter>
103            <intent-filter>
103-->[androidx.profileinstaller:profileinstaller:1.4.1] AndroidManifest.xml:46:13-48:29
104                <action android:name="androidx.profileinstaller.action.SAVE_PROFILE" />
104-->[androidx.profileinstaller:profileinstaller:1.4.1] AndroidManifest.xml:47:17-88
104-->[androidx.profileinstaller:profileinstaller:1.4.1] AndroidManifest.xml:47:25-85
105            </intent-filter>
106            <intent-filter>
106-->[androidx.profileinstaller:profileinstaller:1.4.1] AndroidManifest.xml:49:13-51:29
107                <action android:name="androidx.profileinstaller.action.BENCHMARK_OPERATION" />
107-->[androidx.profileinstaller:profileinstaller:1.4.1] AndroidManifest.xml:50:17-95
107-->[androidx.profileinstaller:profileinstaller:1.4.1] AndroidManifest.xml:50:25-92
108            </intent-filter>
109        </receiver>
110    </application>
111
112</manifest>